The system is: Linux - 4.8.0-53-generic - x86_64
Compiling the C compiler identification source file "CMakeCCompilerId.c" succeeded.
Compiler: /usr/bin/x86_64-linux-gnu-gcc 
Build flags: -g;-O2;-fstack-protector-strong;-Wformat;-Werror=format-security
Id flags: 

The output was:
0


Compilation of the C compiler identification source "CMakeCCompilerId.c" produced "a.out"

The C compiler identification is GNU, found in "/home/iamaro/Workspace/facter/ext/CMakeFiles/3.5.1/CompilerIdC/a.out"

Compiling the CXX compiler identification source file "CMakeCXXCompilerId.cpp" succeeded.
Compiler: /usr/bin/x86_64-linux-gnu-g++ 
Build flags: -g;-O2;-fstack-protector-strong;-Wformat;-Werror=format-security
Id flags: 

The output was:
0


Compilation of the CXX compiler identification source "CMakeCXXCompilerId.cpp" produced "a.out"

The CXX compiler identification is GNU, found in "/home/iamaro/Workspace/facter/ext/CMakeFiles/3.5.1/CompilerIdCXX/a.out"

Determining if the C compiler works passed with the following output:
Change Dir: /home/iamaro/Workspace/facter/ext/CMakeFiles/CMakeTmp

Run Build Command:"/usr/bin/make" "cmTC_6aa62/fast"
make[2]: Entering directory '/home/iamaro/Workspace/facter/ext/CMakeFiles/CMakeTmp'
/usr/bin/make -f CMakeFiles/cmTC_6aa62.dir/build.make CMakeFiles/cmTC_6aa62.dir/build
make[3]: Entering directory '/home/iamaro/Workspace/facter/ext/CMakeFiles/CMakeTmp'
Building C object CMakeFiles/cmTC_6aa62.dir/testCCompiler.c.o
/usr/bin/x86_64-linux-gnu-gcc    -g -O2 -fstack-protector-strong -Wformat -Werror=format-security     -o CMakeFiles/cmTC_6aa62.dir/testCCompiler.c.o   -c /home/iamaro/Workspace/facter/ext/CMakeFiles/CMakeTmp/testCCompiler.c
Linking C executable cmTC_6aa62
/usr/bin/cmake -E cmake_link_script CMakeFiles/cmTC_6aa62.dir/link.txt --verbose=1
/usr/bin/x86_64-linux-gnu-gcc  -g -O2 -fstack-protector-strong -Wformat -Werror=format-security     -Wl,-Bsymbolic-functions -Wl,-z,relro  CMakeFiles/cmTC_6aa62.dir/testCCompiler.c.o  -o cmTC_6aa62 -rdynamic 
make[3]: Leaving directory '/home/iamaro/Workspace/facter/ext/CMakeFiles/CMakeTmp'
make[2]: Leaving directory '/home/iamaro/Workspace/facter/ext/CMakeFiles/CMakeTmp'


Detecting C compiler ABI info compiled with the following output:
Change Dir: /home/iamaro/Workspace/facter/ext/CMakeFiles/CMakeTmp

Run Build Command:"/usr/bin/make" "cmTC_8065e/fast"
make[2]: Entering directory '/home/iamaro/Workspace/facter/ext/CMakeFiles/CMakeTmp'
/usr/bin/make -f CMakeFiles/cmTC_8065e.dir/build.make CMakeFiles/cmTC_8065e.dir/build
make[3]: Entering directory '/home/iamaro/Workspace/facter/ext/CMakeFiles/CMakeTmp'
Building C object CMakeFiles/cmTC_8065e.dir/CMakeCCompilerABI.c.o
/usr/bin/x86_64-linux-gnu-gcc    -g -O2 -fstack-protector-strong -Wformat -Werror=format-security     -o CMakeFiles/cmTC_8065e.dir/CMakeCCompilerABI.c.o   -c /usr/share/cmake-3.5/Modules/CMakeCCompilerABI.c
Linking C executable cmTC_8065e
/usr/bin/cmake -E cmake_link_script CMakeFiles/cmTC_8065e.dir/link.txt --verbose=1
/usr/bin/x86_64-linux-gnu-gcc  -g -O2 -fstack-protector-strong -Wformat -Werror=format-security     -Wl,-Bsymbolic-functions -Wl,-z,relro -v CMakeFiles/cmTC_8065e.dir/CMakeCCompilerABI.c.o  -o cmTC_8065e -rdynamic  
Using built-in specs.
COLLECT_GCC=/usr/bin/x86_64-linux-gnu-gcc
COLLECT_LTO_WRAPPER=/usr/lib/gcc/x86_64-linux-gnu/5/lto-wrapper
Target: x86_64-linux-gnu
Configured with: ../src/configure -v --with-pkgversion='Ubuntu 5.4.0-6ubuntu1~16.04.5' --with-bugurl=file:///usr/share/doc/gcc-5/README.Bugs --enable-languages=c,ada,c++,java,go,d,fortran,objc,obj-c++ --prefix=/usr --program-suffix=-5 --enable-shared --enable-linker-build-id --libexecdir=/usr/lib --without-included-gettext --enable-threads=posix --libdir=/usr/lib --enable-nls --with-sysroot=/ --enable-clocale=gnu --enable-libstdcxx-debug --enable-libstdcxx-time=yes --with-default-libstdcxx-abi=new --enable-gnu-unique-object --disable-vtable-verify --enable-libmpx --enable-plugin --with-system-zlib --disable-browser-plugin --enable-java-awt=gtk --enable-gtk-cairo --with-java-home=/usr/lib/jvm/java-1.5.0-gcj-5-amd64/jre --enable-java-home --with-jvm-root-dir=/usr/lib/jvm/java-1.5.0-gcj-5-amd64 --with-jvm-jar-dir=/usr/lib/jvm-exports/java-1.5.0-gcj-5-amd64 --with-arch-directory=amd64 --with-ecj-jar=/usr/share/java/eclipse-ecj.jar --enable-objc-gc --enable-multiarch --disable-werror --with-arch-32=i686 --with-abi=m64 --with-multilib-list=m32,m64,mx32 --enable-multilib --with-tune=generic --enable-checking=release --build=x86_64-linux-gnu --host=x86_64-linux-gnu --target=x86_64-linux-gnu
Thread model: posix
gcc version 5.4.0 20160609 (Ubuntu 5.4.0-6ubuntu1~16.04.5) 
COMPILER_PATH=/usr/lib/gcc/x86_64-linux-gnu/5/:/usr/lib/gcc/x86_64-linux-gnu/5/:/usr/lib/gcc/x86_64-linux-gnu/:/usr/lib/gcc/x86_64-linux-gnu/5/:/usr/lib/gcc/x86_64-linux-gnu/
LIBRARY_PATH=/usr/lib/gcc/x86_64-linux-gnu/5/:/usr/lib/gcc/x86_64-linux-gnu/5/../../../x86_64-linux-gnu/:/usr/lib/gcc/x86_64-linux-gnu/5/../../../../lib/:/lib/x86_64-linux-gnu/:/lib/../lib/:/usr/lib/x86_64-linux-gnu/:/usr/lib/../lib/:/usr/lib/gcc/x86_64-linux-gnu/5/../../../:/lib/:/usr/lib/
COLLECT_GCC_OPTIONS='-g' '-O2' '-fstack-protector-strong' '-Wformat=1' '-Werror=format-security' '-v' '-o' 'cmTC_8065e' '-rdynamic' '-mtune=generic' '-march=x86-64'
 /usr/lib/gcc/x86_64-linux-gnu/5/collect2 -plugin /usr/lib/gcc/x86_64-linux-gnu/5/liblto_plugin.so -plugin-opt=/usr/lib/gcc/x86_64-linux-gnu/5/lto-wrapper -plugin-opt=-fresolution=/tmp/ccchXleF.res -plugin-opt=-pass-through=-lgcc -plugin-opt=-pass-through=-lgcc_s -plugin-opt=-pass-through=-lc -plugin-opt=-pass-through=-lgcc -plugin-opt=-pass-through=-lgcc_s --sysroot=/ --build-id --eh-frame-hdr -m elf_x86_64 --hash-style=gnu --as-needed -export-dynamic -dynamic-linker /lib64/ld-linux-x86-64.so.2 -z relro -o cmTC_8065e /usr/lib/gcc/x86_64-linux-gnu/5/../../../x86_64-linux-gnu/crt1.o /usr/lib/gcc/x86_64-linux-gnu/5/../../../x86_64-linux-gnu/crti.o /usr/lib/gcc/x86_64-linux-gnu/5/crtbegin.o -L/usr/lib/gcc/x86_64-linux-gnu/5 -L/usr/lib/gcc/x86_64-linux-gnu/5/../../../x86_64-linux-gnu -L/usr/lib/gcc/x86_64-linux-gnu/5/../../../../lib -L/lib/x86_64-linux-gnu -L/lib/../lib -L/usr/lib/x86_64-linux-gnu -L/usr/lib/../lib -L/usr/lib/gcc/x86_64-linux-gnu/5/../../.. -Bsymbolic-functions -z relro CMakeFiles/cmTC_8065e.dir/CMakeCCompilerABI.c.o -lgcc --as-needed -lgcc_s --no-as-needed -lc -lgcc --as-needed -lgcc_s --no-as-needed /usr/lib/gcc/x86_64-linux-gnu/5/crtend.o /usr/lib/gcc/x86_64-linux-gnu/5/../../../x86_64-linux-gnu/crtn.o
make[3]: Leaving directory '/home/iamaro/Workspace/facter/ext/CMakeFiles/CMakeTmp'
make[2]: Leaving directory '/home/iamaro/Workspace/facter/ext/CMakeFiles/CMakeTmp'


Parsed C implicit link information from above output:
  link line regex: [^( *|.*[/\])(ld|([^/\]+-)?ld|collect2)[^/\]*( |$)]
  ignore line: [Change Dir: /home/iamaro/Workspace/facter/ext/CMakeFiles/CMakeTmp]
  ignore line: []
  ignore line: [Run Build Command:"/usr/bin/make" "cmTC_8065e/fast"]
  ignore line: [make[2]: Entering directory '/home/iamaro/Workspace/facter/ext/CMakeFiles/CMakeTmp']
  ignore line: [/usr/bin/make -f CMakeFiles/cmTC_8065e.dir/build.make CMakeFiles/cmTC_8065e.dir/build]
  ignore line: [make[3]: Entering directory '/home/iamaro/Workspace/facter/ext/CMakeFiles/CMakeTmp']
  ignore line: [Building C object CMakeFiles/cmTC_8065e.dir/CMakeCCompilerABI.c.o]
  ignore line: [/usr/bin/x86_64-linux-gnu-gcc    -g -O2 -fstack-protector-strong -Wformat -Werror=format-security     -o CMakeFiles/cmTC_8065e.dir/CMakeCCompilerABI.c.o   -c /usr/share/cmake-3.5/Modules/CMakeCCompilerABI.c]
  ignore line: [Linking C executable cmTC_8065e]
  ignore line: [/usr/bin/cmake -E cmake_link_script CMakeFiles/cmTC_8065e.dir/link.txt --verbose=1]
  ignore line: [/usr/bin/x86_64-linux-gnu-gcc  -g -O2 -fstack-protector-strong -Wformat -Werror=format-security     -Wl,-Bsymbolic-functions -Wl,-z,relro -v CMakeFiles/cmTC_8065e.dir/CMakeCCompilerABI.c.o  -o cmTC_8065e -rdynamic  ]
  ignore line: [Using built-in specs.]
  ignore line: [COLLECT_GCC=/usr/bin/x86_64-linux-gnu-gcc]
  ignore line: [COLLECT_LTO_WRAPPER=/usr/lib/gcc/x86_64-linux-gnu/5/lto-wrapper]
  ignore line: [Target: x86_64-linux-gnu]
  ignore line: [Configured with: ../src/configure -v --with-pkgversion='Ubuntu 5.4.0-6ubuntu1~16.04.5' --with-bugurl=file:///usr/share/doc/gcc-5/README.Bugs --enable-languages=c,ada,c++,java,go,d,fortran,objc,obj-c++ --prefix=/usr --program-suffix=-5 --enable-shared --enable-linker-build-id --libexecdir=/usr/lib --without-included-gettext --enable-threads=posix --libdir=/usr/lib --enable-nls --with-sysroot=/ --enable-clocale=gnu --enable-libstdcxx-debug --enable-libstdcxx-time=yes --with-default-libstdcxx-abi=new --enable-gnu-unique-object --disable-vtable-verify --enable-libmpx --enable-plugin --with-system-zlib --disable-browser-plugin --enable-java-awt=gtk --enable-gtk-cairo --with-java-home=/usr/lib/jvm/java-1.5.0-gcj-5-amd64/jre --enable-java-home --with-jvm-root-dir=/usr/lib/jvm/java-1.5.0-gcj-5-amd64 --with-jvm-jar-dir=/usr/lib/jvm-exports/java-1.5.0-gcj-5-amd64 --with-arch-directory=amd64 --with-ecj-jar=/usr/share/java/eclipse-ecj.jar --enable-objc-gc --enable-multiarch --disable-werror --with-arch-32=i686 --with-abi=m64 --with-multilib-list=m32,m64,mx32 --enable-multilib --with-tune=generic --enable-checking=release --build=x86_64-linux-gnu --host=x86_64-linux-gnu --target=x86_64-linux-gnu]
  ignore line: [Thread model: posix]
  ignore line: [gcc version 5.4.0 20160609 (Ubuntu 5.4.0-6ubuntu1~16.04.5) ]
  ignore line: [COMPILER_PATH=/usr/lib/gcc/x86_64-linux-gnu/5/:/usr/lib/gcc/x86_64-linux-gnu/5/:/usr/lib/gcc/x86_64-linux-gnu/:/usr/lib/gcc/x86_64-linux-gnu/5/:/usr/lib/gcc/x86_64-linux-gnu/]
  ignore line: [LIBRARY_PATH=/usr/lib/gcc/x86_64-linux-gnu/5/:/usr/lib/gcc/x86_64-linux-gnu/5/../../../x86_64-linux-gnu/:/usr/lib/gcc/x86_64-linux-gnu/5/../../../../lib/:/lib/x86_64-linux-gnu/:/lib/../lib/:/usr/lib/x86_64-linux-gnu/:/usr/lib/../lib/:/usr/lib/gcc/x86_64-linux-gnu/5/../../../:/lib/:/usr/lib/]
  ignore line: [COLLECT_GCC_OPTIONS='-g' '-O2' '-fstack-protector-strong' '-Wformat=1' '-Werror=format-security' '-v' '-o' 'cmTC_8065e' '-rdynamic' '-mtune=generic' '-march=x86-64']
  link line: [ /usr/lib/gcc/x86_64-linux-gnu/5/collect2 -plugin /usr/lib/gcc/x86_64-linux-gnu/5/liblto_plugin.so -plugin-opt=/usr/lib/gcc/x86_64-linux-gnu/5/lto-wrapper -plugin-opt=-fresolution=/tmp/ccchXleF.res -plugin-opt=-pass-through=-lgcc -plugin-opt=-pass-through=-lgcc_s -plugin-opt=-pass-through=-lc -plugin-opt=-pass-through=-lgcc -plugin-opt=-pass-through=-lgcc_s --sysroot=/ --build-id --eh-frame-hdr -m elf_x86_64 --hash-style=gnu --as-needed -export-dynamic -dynamic-linker /lib64/ld-linux-x86-64.so.2 -z relro -o cmTC_8065e /usr/lib/gcc/x86_64-linux-gnu/5/../../../x86_64-linux-gnu/crt1.o /usr/lib/gcc/x86_64-linux-gnu/5/../../../x86_64-linux-gnu/crti.o /usr/lib/gcc/x86_64-linux-gnu/5/crtbegin.o -L/usr/lib/gcc/x86_64-linux-gnu/5 -L/usr/lib/gcc/x86_64-linux-gnu/5/../../../x86_64-linux-gnu -L/usr/lib/gcc/x86_64-linux-gnu/5/../../../../lib -L/lib/x86_64-linux-gnu -L/lib/../lib -L/usr/lib/x86_64-linux-gnu -L/usr/lib/../lib -L/usr/lib/gcc/x86_64-linux-gnu/5/../../.. -Bsymbolic-functions -z relro CMakeFiles/cmTC_8065e.dir/CMakeCCompilerABI.c.o -lgcc --as-needed -lgcc_s --no-as-needed -lc -lgcc --as-needed -lgcc_s --no-as-needed /usr/lib/gcc/x86_64-linux-gnu/5/crtend.o /usr/lib/gcc/x86_64-linux-gnu/5/../../../x86_64-linux-gnu/crtn.o]
    arg [/usr/lib/gcc/x86_64-linux-gnu/5/collect2] ==> ignore
    arg [-plugin] ==> ignore
    arg [/usr/lib/gcc/x86_64-linux-gnu/5/liblto_plugin.so] ==> ignore
    arg [-plugin-opt=/usr/lib/gcc/x86_64-linux-gnu/5/lto-wrapper] ==> ignore
    arg [-plugin-opt=-fresolution=/tmp/ccchXleF.res] ==> ignore
    arg [-plugin-opt=-pass-through=-lgcc] ==> ignore
    arg [-plugin-opt=-pass-through=-lgcc_s] ==> ignore
    arg [-plugin-opt=-pass-through=-lc] ==> ignore
    arg [-plugin-opt=-pass-through=-lgcc] ==> ignore
    arg [-plugin-opt=-pass-through=-lgcc_s] ==> ignore
    arg [--sysroot=/] ==> ignore
    arg [--build-id] ==> ignore
    arg [--eh-frame-hdr] ==> ignore
    arg [-m] ==> ignore
    arg [elf_x86_64] ==> ignore
    arg [--hash-style=gnu] ==> ignore
    arg [--as-needed] ==> ignore
    arg [-export-dynamic] ==> ignore
    arg [-dynamic-linker] ==> ignore
    arg [/lib64/ld-linux-x86-64.so.2] ==> ignore
    arg [-zrelro] ==> ignore
    arg [-o] ==> ignore
    arg [cmTC_8065e] ==> ignore
    arg [/usr/lib/gcc/x86_64-linux-gnu/5/../../../x86_64-linux-gnu/crt1.o] ==> ignore
    arg [/usr/lib/gcc/x86_64-linux-gnu/5/../../../x86_64-linux-gnu/crti.o] ==> ignore
    arg [/usr/lib/gcc/x86_64-linux-gnu/5/crtbegin.o] ==> ignore
    arg [-L/usr/lib/gcc/x86_64-linux-gnu/5] ==> dir [/usr/lib/gcc/x86_64-linux-gnu/5]
    arg [-L/usr/lib/gcc/x86_64-linux-gnu/5/../../../x86_64-linux-gnu] ==> dir [/usr/lib/gcc/x86_64-linux-gnu/5/../../../x86_64-linux-gnu]
    arg [-L/usr/lib/gcc/x86_64-linux-gnu/5/../../../../lib] ==> dir [/usr/lib/gcc/x86_64-linux-gnu/5/../../../../lib]
    arg [-L/lib/x86_64-linux-gnu] ==> dir [/lib/x86_64-linux-gnu]
    arg [-L/lib/../lib] ==> dir [/lib/../lib]
    arg [-L/usr/lib/x86_64-linux-gnu] ==> dir [/usr/lib/x86_64-linux-gnu]
    arg [-L/usr/lib/../lib] ==> dir [/usr/lib/../lib]
    arg [-L/usr/lib/gcc/x86_64-linux-gnu/5/../../..] ==> dir [/usr/lib/gcc/x86_64-linux-gnu/5/../../..]
    arg [-Bsymbolic-functions] ==> ignore
    arg [-zrelro] ==> ignore
    arg [CMakeFiles/cmTC_8065e.dir/CMakeCCompilerABI.c.o] ==> ignore
    arg [-lgcc] ==> lib [gcc]
    arg [--as-needed] ==> ignore
    arg [-lgcc_s] ==> lib [gcc_s]
    arg [--no-as-needed] ==> ignore
    arg [-lc] ==> lib [c]
    arg [-lgcc] ==> lib [gcc]
    arg [--as-needed] ==> ignore
    arg [-lgcc_s] ==> lib [gcc_s]
    arg [--no-as-needed] ==> ignore
    arg [/usr/lib/gcc/x86_64-linux-gnu/5/crtend.o] ==> ignore
    arg [/usr/lib/gcc/x86_64-linux-gnu/5/../../../x86_64-linux-gnu/crtn.o] ==> ignore
  remove lib [gcc]
  remove lib [gcc_s]
  remove lib [gcc]
  remove lib [gcc_s]
  collapse library dir [/usr/lib/gcc/x86_64-linux-gnu/5] ==> [/usr/lib/gcc/x86_64-linux-gnu/5]
  collapse library dir [/usr/lib/gcc/x86_64-linux-gnu/5/../../../x86_64-linux-gnu] ==> [/usr/lib/x86_64-linux-gnu]
  collapse library dir [/usr/lib/gcc/x86_64-linux-gnu/5/../../../../lib] ==> [/usr/lib]
  collapse library dir [/lib/x86_64-linux-gnu] ==> [/lib/x86_64-linux-gnu]
  collapse library dir [/lib/../lib] ==> [/lib]
  collapse library dir [/usr/lib/x86_64-linux-gnu] ==> [/usr/lib/x86_64-linux-gnu]
  collapse library dir [/usr/lib/../lib] ==> [/usr/lib]
  collapse library dir [/usr/lib/gcc/x86_64-linux-gnu/5/../../..] ==> [/usr/lib]
  implicit libs: [c]
  implicit dirs: [/usr/lib/gcc/x86_64-linux-gnu/5;/usr/lib/x86_64-linux-gnu;/usr/lib;/lib/x86_64-linux-gnu;/lib]
  implicit fwks: []




Detecting C [-std=c11] compiler features compiled with the following output:
Change Dir: /home/iamaro/Workspace/facter/ext/CMakeFiles/CMakeTmp

Run Build Command:"/usr/bin/make" "cmTC_8f0a7/fast"
make[2]: Entering directory '/home/iamaro/Workspace/facter/ext/CMakeFiles/CMakeTmp'
/usr/bin/make -f CMakeFiles/cmTC_8f0a7.dir/build.make CMakeFiles/cmTC_8f0a7.dir/build
make[3]: Entering directory '/home/iamaro/Workspace/facter/ext/CMakeFiles/CMakeTmp'
Building C object CMakeFiles/cmTC_8f0a7.dir/feature_tests.c.o
/usr/bin/x86_64-linux-gnu-gcc    -g -O2 -fstack-protector-strong -Wformat -Werror=format-security     -std=c11 -o CMakeFiles/cmTC_8f0a7.dir/feature_tests.c.o   -c /home/iamaro/Workspace/facter/ext/CMakeFiles/feature_tests.c
Linking C executable cmTC_8f0a7
/usr/bin/cmake -E cmake_link_script CMakeFiles/cmTC_8f0a7.dir/link.txt --verbose=1
/usr/bin/x86_64-linux-gnu-gcc  -g -O2 -fstack-protector-strong -Wformat -Werror=format-security     -Wl,-Bsymbolic-functions -Wl,-z,relro  CMakeFiles/cmTC_8f0a7.dir/feature_tests.c.o  -o cmTC_8f0a7 -rdynamic 
make[3]: Leaving directory '/home/iamaro/Workspace/facter/ext/CMakeFiles/CMakeTmp'
make[2]: Leaving directory '/home/iamaro/Workspace/facter/ext/CMakeFiles/CMakeTmp'


    Feature record: C_FEATURE:1c_function_prototypes
    Feature record: C_FEATURE:1c_restrict
    Feature record: C_FEATURE:1c_static_assert
    Feature record: C_FEATURE:1c_variadic_macros


Detecting C [-std=c99] compiler features compiled with the following output:
Change Dir: /home/iamaro/Workspace/facter/ext/CMakeFiles/CMakeTmp

Run Build Command:"/usr/bin/make" "cmTC_811b4/fast"
make[2]: Entering directory '/home/iamaro/Workspace/facter/ext/CMakeFiles/CMakeTmp'
/usr/bin/make -f CMakeFiles/cmTC_811b4.dir/build.make CMakeFiles/cmTC_811b4.dir/build
make[3]: Entering directory '/home/iamaro/Workspace/facter/ext/CMakeFiles/CMakeTmp'
Building C object CMakeFiles/cmTC_811b4.dir/feature_tests.c.o
/usr/bin/x86_64-linux-gnu-gcc    -g -O2 -fstack-protector-strong -Wformat -Werror=format-security     -std=c99 -o CMakeFiles/cmTC_811b4.dir/feature_tests.c.o   -c /home/iamaro/Workspace/facter/ext/CMakeFiles/feature_tests.c
Linking C executable cmTC_811b4
/usr/bin/cmake -E cmake_link_script CMakeFiles/cmTC_811b4.dir/link.txt --verbose=1
/usr/bin/x86_64-linux-gnu-gcc  -g -O2 -fstack-protector-strong -Wformat -Werror=format-security     -Wl,-Bsymbolic-functions -Wl,-z,relro  CMakeFiles/cmTC_811b4.dir/feature_tests.c.o  -o cmTC_811b4 -rdynamic 
make[3]: Leaving directory '/home/iamaro/Workspace/facter/ext/CMakeFiles/CMakeTmp'
make[2]: Leaving directory '/home/iamaro/Workspace/facter/ext/CMakeFiles/CMakeTmp'


    Feature record: C_FEATURE:1c_function_prototypes
    Feature record: C_FEATURE:1c_restrict
    Feature record: C_FEATURE:0c_static_assert
    Feature record: C_FEATURE:1c_variadic_macros


Detecting C [-std=c90] compiler features compiled with the following output:
Change Dir: /home/iamaro/Workspace/facter/ext/CMakeFiles/CMakeTmp

Run Build Command:"/usr/bin/make" "cmTC_31461/fast"
make[2]: Entering directory '/home/iamaro/Workspace/facter/ext/CMakeFiles/CMakeTmp'
/usr/bin/make -f CMakeFiles/cmTC_31461.dir/build.make CMakeFiles/cmTC_31461.dir/build
make[3]: Entering directory '/home/iamaro/Workspace/facter/ext/CMakeFiles/CMakeTmp'
Building C object CMakeFiles/cmTC_31461.dir/feature_tests.c.o
/usr/bin/x86_64-linux-gnu-gcc    -g -O2 -fstack-protector-strong -Wformat -Werror=format-security     -std=c90 -o CMakeFiles/cmTC_31461.dir/feature_tests.c.o   -c /home/iamaro/Workspace/facter/ext/CMakeFiles/feature_tests.c
Linking C executable cmTC_31461
/usr/bin/cmake -E cmake_link_script CMakeFiles/cmTC_31461.dir/link.txt --verbose=1
/usr/bin/x86_64-linux-gnu-gcc  -g -O2 -fstack-protector-strong -Wformat -Werror=format-security     -Wl,-Bsymbolic-functions -Wl,-z,relro  CMakeFiles/cmTC_31461.dir/feature_tests.c.o  -o cmTC_31461 -rdynamic 
make[3]: Leaving directory '/home/iamaro/Workspace/facter/ext/CMakeFiles/CMakeTmp'
make[2]: Leaving directory '/home/iamaro/Workspace/facter/ext/CMakeFiles/CMakeTmp'


    Feature record: C_FEATURE:1c_function_prototypes
    Feature record: C_FEATURE:0c_restrict
    Feature record: C_FEATURE:0c_static_assert
    Feature record: C_FEATURE:0c_variadic_macros
Determining if the CXX compiler works passed with the following output:
Change Dir: /home/iamaro/Workspace/facter/ext/CMakeFiles/CMakeTmp

Run Build Command:"/usr/bin/make" "cmTC_763a9/fast"
make[2]: Entering directory '/home/iamaro/Workspace/facter/ext/CMakeFiles/CMakeTmp'
/usr/bin/make -f CMakeFiles/cmTC_763a9.dir/build.make CMakeFiles/cmTC_763a9.dir/build
make[3]: Entering directory '/home/iamaro/Workspace/facter/ext/CMakeFiles/CMakeTmp'
Building CXX object CMakeFiles/cmTC_763a9.dir/testCXXCompiler.cxx.o
/usr/bin/x86_64-linux-gnu-g++     -g -O2 -fstack-protector-strong -Wformat -Werror=format-security     -o CMakeFiles/cmTC_763a9.dir/testCXXCompiler.cxx.o -c /home/iamaro/Workspace/facter/ext/CMakeFiles/CMakeTmp/testCXXCompiler.cxx
Linking CXX executable cmTC_763a9
/usr/bin/cmake -E cmake_link_script CMakeFiles/cmTC_763a9.dir/link.txt --verbose=1
/usr/bin/x86_64-linux-gnu-g++   -g -O2 -fstack-protector-strong -Wformat -Werror=format-security     -Wl,-Bsymbolic-functions -Wl,-z,relro  CMakeFiles/cmTC_763a9.dir/testCXXCompiler.cxx.o  -o cmTC_763a9 -rdynamic 
make[3]: Leaving directory '/home/iamaro/Workspace/facter/ext/CMakeFiles/CMakeTmp'
make[2]: Leaving directory '/home/iamaro/Workspace/facter/ext/CMakeFiles/CMakeTmp'


Detecting CXX compiler ABI info compiled with the following output:
Change Dir: /home/iamaro/Workspace/facter/ext/CMakeFiles/CMakeTmp

Run Build Command:"/usr/bin/make" "cmTC_59adf/fast"
make[2]: Entering directory '/home/iamaro/Workspace/facter/ext/CMakeFiles/CMakeTmp'
/usr/bin/make -f CMakeFiles/cmTC_59adf.dir/build.make CMakeFiles/cmTC_59adf.dir/build
make[3]: Entering directory '/home/iamaro/Workspace/facter/ext/CMakeFiles/CMakeTmp'
Building CXX object CMakeFiles/cmTC_59adf.dir/CMakeCXXCompilerABI.cpp.o
/usr/bin/x86_64-linux-gnu-g++     -g -O2 -fstack-protector-strong -Wformat -Werror=format-security     -o CMakeFiles/cmTC_59adf.dir/CMakeCXXCompilerABI.cpp.o -c /usr/share/cmake-3.5/Modules/CMakeCXXCompilerABI.cpp
Linking CXX executable cmTC_59adf
/usr/bin/cmake -E cmake_link_script CMakeFiles/cmTC_59adf.dir/link.txt --verbose=1
/usr/bin/x86_64-linux-gnu-g++   -g -O2 -fstack-protector-strong -Wformat -Werror=format-security     -Wl,-Bsymbolic-functions -Wl,-z,relro -v CMakeFiles/cmTC_59adf.dir/CMakeCXXCompilerABI.cpp.o  -o cmTC_59adf -rdynamic  
Using built-in specs.
COLLECT_GCC=/usr/bin/x86_64-linux-gnu-g++
COLLECT_LTO_WRAPPER=/usr/lib/gcc/x86_64-linux-gnu/5/lto-wrapper
Target: x86_64-linux-gnu
Configured with: ../src/configure -v --with-pkgversion='Ubuntu 5.4.0-6ubuntu1~16.04.5' --with-bugurl=file:///usr/share/doc/gcc-5/README.Bugs --enable-languages=c,ada,c++,java,go,d,fortran,objc,obj-c++ --prefix=/usr --program-suffix=-5 --enable-shared --enable-linker-build-id --libexecdir=/usr/lib --without-included-gettext --enable-threads=posix --libdir=/usr/lib --enable-nls --with-sysroot=/ --enable-clocale=gnu --enable-libstdcxx-debug --enable-libstdcxx-time=yes --with-default-libstdcxx-abi=new --enable-gnu-unique-object --disable-vtable-verify --enable-libmpx --enable-plugin --with-system-zlib --disable-browser-plugin --enable-java-awt=gtk --enable-gtk-cairo --with-java-home=/usr/lib/jvm/java-1.5.0-gcj-5-amd64/jre --enable-java-home --with-jvm-root-dir=/usr/lib/jvm/java-1.5.0-gcj-5-amd64 --with-jvm-jar-dir=/usr/lib/jvm-exports/java-1.5.0-gcj-5-amd64 --with-arch-directory=amd64 --with-ecj-jar=/usr/share/java/eclipse-ecj.jar --enable-objc-gc --enable-multiarch --disable-werror --with-arch-32=i686 --with-abi=m64 --with-multilib-list=m32,m64,mx32 --enable-multilib --with-tune=generic --enable-checking=release --build=x86_64-linux-gnu --host=x86_64-linux-gnu --target=x86_64-linux-gnu
Thread model: posix
gcc version 5.4.0 20160609 (Ubuntu 5.4.0-6ubuntu1~16.04.5) 
COMPILER_PATH=/usr/lib/gcc/x86_64-linux-gnu/5/:/usr/lib/gcc/x86_64-linux-gnu/5/:/usr/lib/gcc/x86_64-linux-gnu/:/usr/lib/gcc/x86_64-linux-gnu/5/:/usr/lib/gcc/x86_64-linux-gnu/
LIBRARY_PATH=/usr/lib/gcc/x86_64-linux-gnu/5/:/usr/lib/gcc/x86_64-linux-gnu/5/../../../x86_64-linux-gnu/:/usr/lib/gcc/x86_64-linux-gnu/5/../../../../lib/:/lib/x86_64-linux-gnu/:/lib/../lib/:/usr/lib/x86_64-linux-gnu/:/usr/lib/../lib/:/usr/lib/gcc/x86_64-linux-gnu/5/../../../:/lib/:/usr/lib/
COLLECT_GCC_OPTIONS='-g' '-O2' '-fstack-protector-strong' '-Wformat=1' '-Werror=format-security' '-v' '-o' 'cmTC_59adf' '-rdynamic' '-shared-libgcc' '-mtune=generic' '-march=x86-64'
 /usr/lib/gcc/x86_64-linux-gnu/5/collect2 -plugin /usr/lib/gcc/x86_64-linux-gnu/5/liblto_plugin.so -plugin-opt=/usr/lib/gcc/x86_64-linux-gnu/5/lto-wrapper -plugin-opt=-fresolution=/tmp/ccaB8Xy9.res -plugin-opt=-pass-through=-lgcc_s -plugin-opt=-pass-through=-lgcc -plugin-opt=-pass-through=-lc -plugin-opt=-pass-through=-lgcc_s -plugin-opt=-pass-through=-lgcc --sysroot=/ --build-id --eh-frame-hdr -m elf_x86_64 --hash-style=gnu --as-needed -export-dynamic -dynamic-linker /lib64/ld-linux-x86-64.so.2 -z relro -o cmTC_59adf /usr/lib/gcc/x86_64-linux-gnu/5/../../../x86_64-linux-gnu/crt1.o /usr/lib/gcc/x86_64-linux-gnu/5/../../../x86_64-linux-gnu/crti.o /usr/lib/gcc/x86_64-linux-gnu/5/crtbegin.o -L/usr/lib/gcc/x86_64-linux-gnu/5 -L/usr/lib/gcc/x86_64-linux-gnu/5/../../../x86_64-linux-gnu -L/usr/lib/gcc/x86_64-linux-gnu/5/../../../../lib -L/lib/x86_64-linux-gnu -L/lib/../lib -L/usr/lib/x86_64-linux-gnu -L/usr/lib/../lib -L/usr/lib/gcc/x86_64-linux-gnu/5/../../.. -Bsymbolic-functions -z relro CMakeFiles/cmTC_59adf.dir/CMakeCXXCompilerABI.cpp.o -lstdc++ -lm -lgcc_s -lgcc -lc -lgcc_s -lgcc /usr/lib/gcc/x86_64-linux-gnu/5/crtend.o /usr/lib/gcc/x86_64-linux-gnu/5/../../../x86_64-linux-gnu/crtn.o
make[3]: Leaving directory '/home/iamaro/Workspace/facter/ext/CMakeFiles/CMakeTmp'
make[2]: Leaving directory '/home/iamaro/Workspace/facter/ext/CMakeFiles/CMakeTmp'


Parsed CXX implicit link information from above output:
  link line regex: [^( *|.*[/\])(ld|([^/\]+-)?ld|collect2)[^/\]*( |$)]
  ignore line: [Change Dir: /home/iamaro/Workspace/facter/ext/CMakeFiles/CMakeTmp]
  ignore line: []
  ignore line: [Run Build Command:"/usr/bin/make" "cmTC_59adf/fast"]
  ignore line: [make[2]: Entering directory '/home/iamaro/Workspace/facter/ext/CMakeFiles/CMakeTmp']
  ignore line: [/usr/bin/make -f CMakeFiles/cmTC_59adf.dir/build.make CMakeFiles/cmTC_59adf.dir/build]
  ignore line: [make[3]: Entering directory '/home/iamaro/Workspace/facter/ext/CMakeFiles/CMakeTmp']
  ignore line: [Building CXX object CMakeFiles/cmTC_59adf.dir/CMakeCXXCompilerABI.cpp.o]
  ignore line: [/usr/bin/x86_64-linux-gnu-g++     -g -O2 -fstack-protector-strong -Wformat -Werror=format-security     -o CMakeFiles/cmTC_59adf.dir/CMakeCXXCompilerABI.cpp.o -c /usr/share/cmake-3.5/Modules/CMakeCXXCompilerABI.cpp]
  ignore line: [Linking CXX executable cmTC_59adf]
  ignore line: [/usr/bin/cmake -E cmake_link_script CMakeFiles/cmTC_59adf.dir/link.txt --verbose=1]
  ignore line: [/usr/bin/x86_64-linux-gnu-g++   -g -O2 -fstack-protector-strong -Wformat -Werror=format-security     -Wl,-Bsymbolic-functions -Wl,-z,relro -v CMakeFiles/cmTC_59adf.dir/CMakeCXXCompilerABI.cpp.o  -o cmTC_59adf -rdynamic  ]
  ignore line: [Using built-in specs.]
  ignore line: [COLLECT_GCC=/usr/bin/x86_64-linux-gnu-g++]
  ignore line: [COLLECT_LTO_WRAPPER=/usr/lib/gcc/x86_64-linux-gnu/5/lto-wrapper]
  ignore line: [Target: x86_64-linux-gnu]
  ignore line: [Configured with: ../src/configure -v --with-pkgversion='Ubuntu 5.4.0-6ubuntu1~16.04.5' --with-bugurl=file:///usr/share/doc/gcc-5/README.Bugs --enable-languages=c,ada,c++,java,go,d,fortran,objc,obj-c++ --prefix=/usr --program-suffix=-5 --enable-shared --enable-linker-build-id --libexecdir=/usr/lib --without-included-gettext --enable-threads=posix --libdir=/usr/lib --enable-nls --with-sysroot=/ --enable-clocale=gnu --enable-libstdcxx-debug --enable-libstdcxx-time=yes --with-default-libstdcxx-abi=new --enable-gnu-unique-object --disable-vtable-verify --enable-libmpx --enable-plugin --with-system-zlib --disable-browser-plugin --enable-java-awt=gtk --enable-gtk-cairo --with-java-home=/usr/lib/jvm/java-1.5.0-gcj-5-amd64/jre --enable-java-home --with-jvm-root-dir=/usr/lib/jvm/java-1.5.0-gcj-5-amd64 --with-jvm-jar-dir=/usr/lib/jvm-exports/java-1.5.0-gcj-5-amd64 --with-arch-directory=amd64 --with-ecj-jar=/usr/share/java/eclipse-ecj.jar --enable-objc-gc --enable-multiarch --disable-werror --with-arch-32=i686 --with-abi=m64 --with-multilib-list=m32,m64,mx32 --enable-multilib --with-tune=generic --enable-checking=release --build=x86_64-linux-gnu --host=x86_64-linux-gnu --target=x86_64-linux-gnu]
  ignore line: [Thread model: posix]
  ignore line: [gcc version 5.4.0 20160609 (Ubuntu 5.4.0-6ubuntu1~16.04.5) ]
  ignore line: [COMPILER_PATH=/usr/lib/gcc/x86_64-linux-gnu/5/:/usr/lib/gcc/x86_64-linux-gnu/5/:/usr/lib/gcc/x86_64-linux-gnu/:/usr/lib/gcc/x86_64-linux-gnu/5/:/usr/lib/gcc/x86_64-linux-gnu/]
  ignore line: [LIBRARY_PATH=/usr/lib/gcc/x86_64-linux-gnu/5/:/usr/lib/gcc/x86_64-linux-gnu/5/../../../x86_64-linux-gnu/:/usr/lib/gcc/x86_64-linux-gnu/5/../../../../lib/:/lib/x86_64-linux-gnu/:/lib/../lib/:/usr/lib/x86_64-linux-gnu/:/usr/lib/../lib/:/usr/lib/gcc/x86_64-linux-gnu/5/../../../:/lib/:/usr/lib/]
  ignore line: [COLLECT_GCC_OPTIONS='-g' '-O2' '-fstack-protector-strong' '-Wformat=1' '-Werror=format-security' '-v' '-o' 'cmTC_59adf' '-rdynamic' '-shared-libgcc' '-mtune=generic' '-march=x86-64']
  link line: [ /usr/lib/gcc/x86_64-linux-gnu/5/collect2 -plugin /usr/lib/gcc/x86_64-linux-gnu/5/liblto_plugin.so -plugin-opt=/usr/lib/gcc/x86_64-linux-gnu/5/lto-wrapper -plugin-opt=-fresolution=/tmp/ccaB8Xy9.res -plugin-opt=-pass-through=-lgcc_s -plugin-opt=-pass-through=-lgcc -plugin-opt=-pass-through=-lc -plugin-opt=-pass-through=-lgcc_s -plugin-opt=-pass-through=-lgcc --sysroot=/ --build-id --eh-frame-hdr -m elf_x86_64 --hash-style=gnu --as-needed -export-dynamic -dynamic-linker /lib64/ld-linux-x86-64.so.2 -z relro -o cmTC_59adf /usr/lib/gcc/x86_64-linux-gnu/5/../../../x86_64-linux-gnu/crt1.o /usr/lib/gcc/x86_64-linux-gnu/5/../../../x86_64-linux-gnu/crti.o /usr/lib/gcc/x86_64-linux-gnu/5/crtbegin.o -L/usr/lib/gcc/x86_64-linux-gnu/5 -L/usr/lib/gcc/x86_64-linux-gnu/5/../../../x86_64-linux-gnu -L/usr/lib/gcc/x86_64-linux-gnu/5/../../../../lib -L/lib/x86_64-linux-gnu -L/lib/../lib -L/usr/lib/x86_64-linux-gnu -L/usr/lib/../lib -L/usr/lib/gcc/x86_64-linux-gnu/5/../../.. -Bsymbolic-functions -z relro CMakeFiles/cmTC_59adf.dir/CMakeCXXCompilerABI.cpp.o -lstdc++ -lm -lgcc_s -lgcc -lc -lgcc_s -lgcc /usr/lib/gcc/x86_64-linux-gnu/5/crtend.o /usr/lib/gcc/x86_64-linux-gnu/5/../../../x86_64-linux-gnu/crtn.o]
    arg [/usr/lib/gcc/x86_64-linux-gnu/5/collect2] ==> ignore
    arg [-plugin] ==> ignore
    arg [/usr/lib/gcc/x86_64-linux-gnu/5/liblto_plugin.so] ==> ignore
    arg [-plugin-opt=/usr/lib/gcc/x86_64-linux-gnu/5/lto-wrapper] ==> ignore
    arg [-plugin-opt=-fresolution=/tmp/ccaB8Xy9.res] ==> ignore
    arg [-plugin-opt=-pass-through=-lgcc_s] ==> ignore
    arg [-plugin-opt=-pass-through=-lgcc] ==> ignore
    arg [-plugin-opt=-pass-through=-lc] ==> ignore
    arg [-plugin-opt=-pass-through=-lgcc_s] ==> ignore
    arg [-plugin-opt=-pass-through=-lgcc] ==> ignore
    arg [--sysroot=/] ==> ignore
    arg [--build-id] ==> ignore
    arg [--eh-frame-hdr] ==> ignore
    arg [-m] ==> ignore
    arg [elf_x86_64] ==> ignore
    arg [--hash-style=gnu] ==> ignore
    arg [--as-needed] ==> ignore
    arg [-export-dynamic] ==> ignore
    arg [-dynamic-linker] ==> ignore
    arg [/lib64/ld-linux-x86-64.so.2] ==> ignore
    arg [-zrelro] ==> ignore
    arg [-o] ==> ignore
    arg [cmTC_59adf] ==> ignore
    arg [/usr/lib/gcc/x86_64-linux-gnu/5/../../../x86_64-linux-gnu/crt1.o] ==> ignore
    arg [/usr/lib/gcc/x86_64-linux-gnu/5/../../../x86_64-linux-gnu/crti.o] ==> ignore
    arg [/usr/lib/gcc/x86_64-linux-gnu/5/crtbegin.o] ==> ignore
    arg [-L/usr/lib/gcc/x86_64-linux-gnu/5] ==> dir [/usr/lib/gcc/x86_64-linux-gnu/5]
    arg [-L/usr/lib/gcc/x86_64-linux-gnu/5/../../../x86_64-linux-gnu] ==> dir [/usr/lib/gcc/x86_64-linux-gnu/5/../../../x86_64-linux-gnu]
    arg [-L/usr/lib/gcc/x86_64-linux-gnu/5/../../../../lib] ==> dir [/usr/lib/gcc/x86_64-linux-gnu/5/../../../../lib]
    arg [-L/lib/x86_64-linux-gnu] ==> dir [/lib/x86_64-linux-gnu]
    arg [-L/lib/../lib] ==> dir [/lib/../lib]
    arg [-L/usr/lib/x86_64-linux-gnu] ==> dir [/usr/lib/x86_64-linux-gnu]
    arg [-L/usr/lib/../lib] ==> dir [/usr/lib/../lib]
    arg [-L/usr/lib/gcc/x86_64-linux-gnu/5/../../..] ==> dir [/usr/lib/gcc/x86_64-linux-gnu/5/../../..]
    arg [-Bsymbolic-functions] ==> ignore
    arg [-zrelro] ==> ignore
    arg [CMakeFiles/cmTC_59adf.dir/CMakeCXXCompilerABI.cpp.o] ==> ignore
    arg [-lstdc++] ==> lib [stdc++]
    arg [-lm] ==> lib [m]
    arg [-lgcc_s] ==> lib [gcc_s]
    arg [-lgcc] ==> lib [gcc]
    arg [-lc] ==> lib [c]
    arg [-lgcc_s] ==> lib [gcc_s]
    arg [-lgcc] ==> lib [gcc]
    arg [/usr/lib/gcc/x86_64-linux-gnu/5/crtend.o] ==> ignore
    arg [/usr/lib/gcc/x86_64-linux-gnu/5/../../../x86_64-linux-gnu/crtn.o] ==> ignore
  remove lib [gcc_s]
  remove lib [gcc]
  remove lib [gcc_s]
  remove lib [gcc]
  collapse library dir [/usr/lib/gcc/x86_64-linux-gnu/5] ==> [/usr/lib/gcc/x86_64-linux-gnu/5]
  collapse library dir [/usr/lib/gcc/x86_64-linux-gnu/5/../../../x86_64-linux-gnu] ==> [/usr/lib/x86_64-linux-gnu]
  collapse library dir [/usr/lib/gcc/x86_64-linux-gnu/5/../../../../lib] ==> [/usr/lib]
  collapse library dir [/lib/x86_64-linux-gnu] ==> [/lib/x86_64-linux-gnu]
  collapse library dir [/lib/../lib] ==> [/lib]
  collapse library dir [/usr/lib/x86_64-linux-gnu] ==> [/usr/lib/x86_64-linux-gnu]
  collapse library dir [/usr/lib/../lib] ==> [/usr/lib]
  collapse library dir [/usr/lib/gcc/x86_64-linux-gnu/5/../../..] ==> [/usr/lib]
  implicit libs: [stdc++;m;c]
  implicit dirs: [/usr/lib/gcc/x86_64-linux-gnu/5;/usr/lib/x86_64-linux-gnu;/usr/lib;/lib/x86_64-linux-gnu;/lib]
  implicit fwks: []




Detecting CXX [-std=c++14] compiler features compiled with the following output:
Change Dir: /home/iamaro/Workspace/facter/ext/CMakeFiles/CMakeTmp

Run Build Command:"/usr/bin/make" "cmTC_4f4bb/fast"
make[2]: Entering directory '/home/iamaro/Workspace/facter/ext/CMakeFiles/CMakeTmp'
/usr/bin/make -f CMakeFiles/cmTC_4f4bb.dir/build.make CMakeFiles/cmTC_4f4bb.dir/build
make[3]: Entering directory '/home/iamaro/Workspace/facter/ext/CMakeFiles/CMakeTmp'
Building CXX object CMakeFiles/cmTC_4f4bb.dir/feature_tests.cxx.o
/usr/bin/x86_64-linux-gnu-g++     -g -O2 -fstack-protector-strong -Wformat -Werror=format-security     -std=c++14 -o CMakeFiles/cmTC_4f4bb.dir/feature_tests.cxx.o -c /home/iamaro/Workspace/facter/ext/CMakeFiles/feature_tests.cxx
Linking CXX executable cmTC_4f4bb
/usr/bin/cmake -E cmake_link_script CMakeFiles/cmTC_4f4bb.dir/link.txt --verbose=1
/usr/bin/x86_64-linux-gnu-g++   -g -O2 -fstack-protector-strong -Wformat -Werror=format-security     -Wl,-Bsymbolic-functions -Wl,-z,relro  CMakeFiles/cmTC_4f4bb.dir/feature_tests.cxx.o  -o cmTC_4f4bb -rdynamic 
make[3]: Leaving directory '/home/iamaro/Workspace/facter/ext/CMakeFiles/CMakeTmp'
make[2]: Leaving directory '/home/iamaro/Workspace/facter/ext/CMakeFiles/CMakeTmp'


    Feature record: CXX_FEATURE:1cxx_aggregate_default_initializers
    Feature record: CXX_FEATURE:1cxx_alias_templates
    Feature record: CXX_FEATURE:1cxx_alignas
    Feature record: CXX_FEATURE:1cxx_alignof
    Feature record: CXX_FEATURE:1cxx_attributes
    Feature record: CXX_FEATURE:1cxx_attribute_deprecated
    Feature record: CXX_FEATURE:1cxx_auto_type
    Feature record: CXX_FEATURE:1cxx_binary_literals
    Feature record: CXX_FEATURE:1cxx_constexpr
    Feature record: CXX_FEATURE:1cxx_contextual_conversions
    Feature record: CXX_FEATURE:1cxx_decltype
    Feature record: CXX_FEATURE:1cxx_decltype_auto
    Feature record: CXX_FEATURE:1cxx_decltype_incomplete_return_types
    Feature record: CXX_FEATURE:1cxx_default_function_template_args
    Feature record: CXX_FEATURE:1cxx_defaulted_functions
    Feature record: CXX_FEATURE:1cxx_defaulted_move_initializers
    Feature record: CXX_FEATURE:1cxx_delegating_constructors
    Feature record: CXX_FEATURE:1cxx_deleted_functions
    Feature record: CXX_FEATURE:1cxx_digit_separators
    Feature record: CXX_FEATURE:1cxx_enum_forward_declarations
    Feature record: CXX_FEATURE:1cxx_explicit_conversions
    Feature record: CXX_FEATURE:1cxx_extended_friend_declarations
    Feature record: CXX_FEATURE:1cxx_extern_templates
    Feature record: CXX_FEATURE:1cxx_final
    Feature record: CXX_FEATURE:1cxx_func_identifier
    Feature record: CXX_FEATURE:1cxx_generalized_initializers
    Feature record: CXX_FEATURE:1cxx_generic_lambdas
    Feature record: CXX_FEATURE:1cxx_inheriting_constructors
    Feature record: CXX_FEATURE:1cxx_inline_namespaces
    Feature record: CXX_FEATURE:1cxx_lambdas
    Feature record: CXX_FEATURE:1cxx_lambda_init_captures
    Feature record: CXX_FEATURE:1cxx_local_type_template_args
    Feature record: CXX_FEATURE:1cxx_long_long_type
    Feature record: CXX_FEATURE:1cxx_noexcept
    Feature record: CXX_FEATURE:1cxx_nonstatic_member_init
    Feature record: CXX_FEATURE:1cxx_nullptr
    Feature record: CXX_FEATURE:1cxx_override
    Feature record: CXX_FEATURE:1cxx_range_for
    Feature record: CXX_FEATURE:1cxx_raw_string_literals
    Feature record: CXX_FEATURE:1cxx_reference_qualified_functions
    Feature record: CXX_FEATURE:1cxx_relaxed_constexpr
    Feature record: CXX_FEATURE:1cxx_return_type_deduction
    Feature record: CXX_FEATURE:1cxx_right_angle_brackets
    Feature record: CXX_FEATURE:1cxx_rvalue_references
    Feature record: CXX_FEATURE:1cxx_sizeof_member
    Feature record: CXX_FEATURE:1cxx_static_assert
    Feature record: CXX_FEATURE:1cxx_strong_enums
    Feature record: CXX_FEATURE:1cxx_template_template_parameters
    Feature record: CXX_FEATURE:1cxx_thread_local
    Feature record: CXX_FEATURE:1cxx_trailing_return_types
    Feature record: CXX_FEATURE:1cxx_unicode_literals
    Feature record: CXX_FEATURE:1cxx_uniform_initialization
    Feature record: CXX_FEATURE:1cxx_unrestricted_unions
    Feature record: CXX_FEATURE:1cxx_user_literals
    Feature record: CXX_FEATURE:1cxx_variable_templates
    Feature record: CXX_FEATURE:1cxx_variadic_macros
    Feature record: CXX_FEATURE:1cxx_variadic_templates


Detecting CXX [-std=c++11] compiler features compiled with the following output:
Change Dir: /home/iamaro/Workspace/facter/ext/CMakeFiles/CMakeTmp

Run Build Command:"/usr/bin/make" "cmTC_041df/fast"
make[2]: Entering directory '/home/iamaro/Workspace/facter/ext/CMakeFiles/CMakeTmp'
/usr/bin/make -f CMakeFiles/cmTC_041df.dir/build.make CMakeFiles/cmTC_041df.dir/build
make[3]: Entering directory '/home/iamaro/Workspace/facter/ext/CMakeFiles/CMakeTmp'
Building CXX object CMakeFiles/cmTC_041df.dir/feature_tests.cxx.o
/usr/bin/x86_64-linux-gnu-g++     -g -O2 -fstack-protector-strong -Wformat -Werror=format-security     -std=c++11 -o CMakeFiles/cmTC_041df.dir/feature_tests.cxx.o -c /home/iamaro/Workspace/facter/ext/CMakeFiles/feature_tests.cxx
Linking CXX executable cmTC_041df
/usr/bin/cmake -E cmake_link_script CMakeFiles/cmTC_041df.dir/link.txt --verbose=1
/usr/bin/x86_64-linux-gnu-g++   -g -O2 -fstack-protector-strong -Wformat -Werror=format-security     -Wl,-Bsymbolic-functions -Wl,-z,relro  CMakeFiles/cmTC_041df.dir/feature_tests.cxx.o  -o cmTC_041df -rdynamic 
make[3]: Leaving directory '/home/iamaro/Workspace/facter/ext/CMakeFiles/CMakeTmp'
make[2]: Leaving directory '/home/iamaro/Workspace/facter/ext/CMakeFiles/CMakeTmp'


    Feature record: CXX_FEATURE:0cxx_aggregate_default_initializers
    Feature record: CXX_FEATURE:1cxx_alias_templates
    Feature record: CXX_FEATURE:1cxx_alignas
    Feature record: CXX_FEATURE:1cxx_alignof
    Feature record: CXX_FEATURE:1cxx_attributes
    Feature record: CXX_FEATURE:0cxx_attribute_deprecated
    Feature record: CXX_FEATURE:1cxx_auto_type
    Feature record: CXX_FEATURE:0cxx_binary_literals
    Feature record: CXX_FEATURE:1cxx_constexpr
    Feature record: CXX_FEATURE:0cxx_contextual_conversions
    Feature record: CXX_FEATURE:1cxx_decltype
    Feature record: CXX_FEATURE:0cxx_decltype_auto
    Feature record: CXX_FEATURE:1cxx_decltype_incomplete_return_types
    Feature record: CXX_FEATURE:1cxx_default_function_template_args
    Feature record: CXX_FEATURE:1cxx_defaulted_functions
    Feature record: CXX_FEATURE:1cxx_defaulted_move_initializers
    Feature record: CXX_FEATURE:1cxx_delegating_constructors
    Feature record: CXX_FEATURE:1cxx_deleted_functions
    Feature record: CXX_FEATURE:0cxx_digit_separators
    Feature record: CXX_FEATURE:1cxx_enum_forward_declarations
    Feature record: CXX_FEATURE:1cxx_explicit_conversions
    Feature record: CXX_FEATURE:1cxx_extended_friend_declarations
    Feature record: CXX_FEATURE:1cxx_extern_templates
    Feature record: CXX_FEATURE:1cxx_final
    Feature record: CXX_FEATURE:1cxx_func_identifier
    Feature record: CXX_FEATURE:1cxx_generalized_initializers
    Feature record: CXX_FEATURE:0cxx_generic_lambdas
    Feature record: CXX_FEATURE:1cxx_inheriting_constructors
    Feature record: CXX_FEATURE:1cxx_inline_namespaces
    Feature record: CXX_FEATURE:1cxx_lambdas
    Feature record: CXX_FEATURE:0cxx_lambda_init_captures
    Feature record: CXX_FEATURE:1cxx_local_type_template_args
    Feature record: CXX_FEATURE:1cxx_long_long_type
    Feature record: CXX_FEATURE:1cxx_noexcept
    Feature record: CXX_FEATURE:1cxx_nonstatic_member_init
    Feature record: CXX_FEATURE:1cxx_nullptr
    Feature record: CXX_FEATURE:1cxx_override
    Feature record: CXX_FEATURE:1cxx_range_for
    Feature record: CXX_FEATURE:1cxx_raw_string_literals
    Feature record: CXX_FEATURE:1cxx_reference_qualified_functions
    Feature record: CXX_FEATURE:0cxx_relaxed_constexpr
    Feature record: CXX_FEATURE:0cxx_return_type_deduction
    Feature record: CXX_FEATURE:1cxx_right_angle_brackets
    Feature record: CXX_FEATURE:1cxx_rvalue_references
    Feature record: CXX_FEATURE:1cxx_sizeof_member
    Feature record: CXX_FEATURE:1cxx_static_assert
    Feature record: CXX_FEATURE:1cxx_strong_enums
    Feature record: CXX_FEATURE:1cxx_template_template_parameters
    Feature record: CXX_FEATURE:1cxx_thread_local
    Feature record: CXX_FEATURE:1cxx_trailing_return_types
    Feature record: CXX_FEATURE:1cxx_unicode_literals
    Feature record: CXX_FEATURE:1cxx_uniform_initialization
    Feature record: CXX_FEATURE:1cxx_unrestricted_unions
    Feature record: CXX_FEATURE:1cxx_user_literals
    Feature record: CXX_FEATURE:0cxx_variable_templates
    Feature record: CXX_FEATURE:1cxx_variadic_macros
    Feature record: CXX_FEATURE:1cxx_variadic_templates


Detecting CXX [-std=c++98] compiler features compiled with the following output:
Change Dir: /home/iamaro/Workspace/facter/ext/CMakeFiles/CMakeTmp

Run Build Command:"/usr/bin/make" "cmTC_ed42c/fast"
make[2]: Entering directory '/home/iamaro/Workspace/facter/ext/CMakeFiles/CMakeTmp'
/usr/bin/make -f CMakeFiles/cmTC_ed42c.dir/build.make CMakeFiles/cmTC_ed42c.dir/build
make[3]: Entering directory '/home/iamaro/Workspace/facter/ext/CMakeFiles/CMakeTmp'
Building CXX object CMakeFiles/cmTC_ed42c.dir/feature_tests.cxx.o
/usr/bin/x86_64-linux-gnu-g++     -g -O2 -fstack-protector-strong -Wformat -Werror=format-security     -std=c++98 -o CMakeFiles/cmTC_ed42c.dir/feature_tests.cxx.o -c /home/iamaro/Workspace/facter/ext/CMakeFiles/feature_tests.cxx
Linking CXX executable cmTC_ed42c
/usr/bin/cmake -E cmake_link_script CMakeFiles/cmTC_ed42c.dir/link.txt --verbose=1
/usr/bin/x86_64-linux-gnu-g++   -g -O2 -fstack-protector-strong -Wformat -Werror=format-security     -Wl,-Bsymbolic-functions -Wl,-z,relro  CMakeFiles/cmTC_ed42c.dir/feature_tests.cxx.o  -o cmTC_ed42c -rdynamic 
make[3]: Leaving directory '/home/iamaro/Workspace/facter/ext/CMakeFiles/CMakeTmp'
make[2]: Leaving directory '/home/iamaro/Workspace/facter/ext/CMakeFiles/CMakeTmp'


    Feature record: CXX_FEATURE:0cxx_aggregate_default_initializers
    Feature record: CXX_FEATURE:0cxx_alias_templates
    Feature record: CXX_FEATURE:0cxx_alignas
    Feature record: CXX_FEATURE:0cxx_alignof
    Feature record: CXX_FEATURE:0cxx_attributes
    Feature record: CXX_FEATURE:0cxx_attribute_deprecated
    Feature record: CXX_FEATURE:0cxx_auto_type
    Feature record: CXX_FEATURE:0cxx_binary_literals
    Feature record: CXX_FEATURE:0cxx_constexpr
    Feature record: CXX_FEATURE:0cxx_contextual_conversions
    Feature record: CXX_FEATURE:0cxx_decltype
    Feature record: CXX_FEATURE:0cxx_decltype_auto
    Feature record: CXX_FEATURE:0cxx_decltype_incomplete_return_types
    Feature record: CXX_FEATURE:0cxx_default_function_template_args
    Feature record: CXX_FEATURE:0cxx_defaulted_functions
    Feature record: CXX_FEATURE:0cxx_defaulted_move_initializers
    Feature record: CXX_FEATURE:0cxx_delegating_constructors
    Feature record: CXX_FEATURE:0cxx_deleted_functions
    Feature record: CXX_FEATURE:0cxx_digit_separators
    Feature record: CXX_FEATURE:0cxx_enum_forward_declarations
    Feature record: CXX_FEATURE:0cxx_explicit_conversions
    Feature record: CXX_FEATURE:0cxx_extended_friend_declarations
    Feature record: CXX_FEATURE:0cxx_extern_templates
    Feature record: CXX_FEATURE:0cxx_final
    Feature record: CXX_FEATURE:0cxx_func_identifier
    Feature record: CXX_FEATURE:0cxx_generalized_initializers
    Feature record: CXX_FEATURE:0cxx_generic_lambdas
    Feature record: CXX_FEATURE:0cxx_inheriting_constructors
    Feature record: CXX_FEATURE:0cxx_inline_namespaces
    Feature record: CXX_FEATURE:0cxx_lambdas
    Feature record: CXX_FEATURE:0cxx_lambda_init_captures
    Feature record: CXX_FEATURE:0cxx_local_type_template_args
    Feature record: CXX_FEATURE:0cxx_long_long_type
    Feature record: CXX_FEATURE:0cxx_noexcept
    Feature record: CXX_FEATURE:0cxx_nonstatic_member_init
    Feature record: CXX_FEATURE:0cxx_nullptr
    Feature record: CXX_FEATURE:0cxx_override
    Feature record: CXX_FEATURE:0cxx_range_for
    Feature record: CXX_FEATURE:0cxx_raw_string_literals
    Feature record: CXX_FEATURE:0cxx_reference_qualified_functions
    Feature record: CXX_FEATURE:0cxx_relaxed_constexpr
    Feature record: CXX_FEATURE:0cxx_return_type_deduction
    Feature record: CXX_FEATURE:0cxx_right_angle_brackets
    Feature record: CXX_FEATURE:0cxx_rvalue_references
    Feature record: CXX_FEATURE:0cxx_sizeof_member
    Feature record: CXX_FEATURE:0cxx_static_assert
    Feature record: CXX_FEATURE:0cxx_strong_enums
    Feature record: CXX_FEATURE:1cxx_template_template_parameters
    Feature record: CXX_FEATURE:0cxx_thread_local
    Feature record: CXX_FEATURE:0cxx_trailing_return_types
    Feature record: CXX_FEATURE:0cxx_unicode_literals
    Feature record: CXX_FEATURE:0cxx_uniform_initialization
    Feature record: CXX_FEATURE:0cxx_unrestricted_unions
    Feature record: CXX_FEATURE:0cxx_user_literals
    Feature record: CXX_FEATURE:0cxx_variable_templates
    Feature record: CXX_FEATURE:0cxx_variadic_macros
    Feature record: CXX_FEATURE:0cxx_variadic_templates
Determining if the include file pthread.h exists passed with the following output:
Change Dir: /home/iamaro/Workspace/facter/ext/CMakeFiles/CMakeTmp

Run Build Command:"/usr/bin/make" "cmTC_7c5b3/fast"
make[2]: Entering directory '/home/iamaro/Workspace/facter/ext/CMakeFiles/CMakeTmp'
/usr/bin/make -f CMakeFiles/cmTC_7c5b3.dir/build.make CMakeFiles/cmTC_7c5b3.dir/build
make[3]: Entering directory '/home/iamaro/Workspace/facter/ext/CMakeFiles/CMakeTmp'
Building C object CMakeFiles/cmTC_7c5b3.dir/CheckIncludeFile.c.o
/usr/bin/x86_64-linux-gnu-gcc    -g -O2 -fstack-protector-strong -Wformat -Werror=format-security     -o CMakeFiles/cmTC_7c5b3.dir/CheckIncludeFile.c.o   -c /home/iamaro/Workspace/facter/ext/CMakeFiles/CMakeTmp/CheckIncludeFile.c
Linking C executable cmTC_7c5b3
/usr/bin/cmake -E cmake_link_script CMakeFiles/cmTC_7c5b3.dir/link.txt --verbose=1
/usr/bin/x86_64-linux-gnu-gcc  -g -O2 -fstack-protector-strong -Wformat -Werror=format-security     -Wl,-Bsymbolic-functions -Wl,-z,relro  CMakeFiles/cmTC_7c5b3.dir/CheckIncludeFile.c.o  -o cmTC_7c5b3 -rdynamic 
make[3]: Leaving directory '/home/iamaro/Workspace/facter/ext/CMakeFiles/CMakeTmp'
make[2]: Leaving directory '/home/iamaro/Workspace/facter/ext/CMakeFiles/CMakeTmp'


Determining if the function pthread_create exists in the pthread passed with the following output:
Change Dir: /home/iamaro/Workspace/facter/ext/CMakeFiles/CMakeTmp

Run Build Command:"/usr/bin/make" "cmTC_ce5a8/fast"
make[2]: Entering directory '/home/iamaro/Workspace/facter/ext/CMakeFiles/CMakeTmp'
/usr/bin/make -f CMakeFiles/cmTC_ce5a8.dir/build.make CMakeFiles/cmTC_ce5a8.dir/build
make[3]: Entering directory '/home/iamaro/Workspace/facter/ext/CMakeFiles/CMakeTmp'
Building C object CMakeFiles/cmTC_ce5a8.dir/CheckFunctionExists.c.o
/usr/bin/x86_64-linux-gnu-gcc    -g -O2 -fstack-protector-strong -Wformat -Werror=format-security  -DCHECK_FUNCTION_EXISTS=pthread_create   -o CMakeFiles/cmTC_ce5a8.dir/CheckFunctionExists.c.o   -c /usr/share/cmake-3.5/Modules/CheckFunctionExists.c
Linking C executable cmTC_ce5a8
/usr/bin/cmake -E cmake_link_script CMakeFiles/cmTC_ce5a8.dir/link.txt --verbose=1
/usr/bin/x86_64-linux-gnu-gcc  -g -O2 -fstack-protector-strong -Wformat -Werror=format-security  -DCHECK_FUNCTION_EXISTS=pthread_create   -Wl,-Bsymbolic-functions -Wl,-z,relro  CMakeFiles/cmTC_ce5a8.dir/CheckFunctionExists.c.o  -o cmTC_ce5a8 -rdynamic -lpthread 
make[3]: Leaving directory '/home/iamaro/Workspace/facter/ext/CMakeFiles/CMakeTmp'
make[2]: Leaving directory '/home/iamaro/Workspace/facter/ext/CMakeFiles/CMakeTmp'


Performing C++ SOURCE FILE Test COMPILER_HAS_HIDDEN_VISIBILITY succeeded with the following output:
Change Dir: /home/iamaro/Workspace/facter/ext/CMakeFiles/CMakeTmp

Run Build Command:"/usr/bin/make" "cmTC_3bda6/fast"
make[2]: Entering directory '/home/iamaro/Workspace/facter/ext/CMakeFiles/CMakeTmp'
/usr/bin/make -f CMakeFiles/cmTC_3bda6.dir/build.make CMakeFiles/cmTC_3bda6.dir/build
make[3]: Entering directory '/home/iamaro/Workspace/facter/ext/CMakeFiles/CMakeTmp'
Building CXX object CMakeFiles/cmTC_3bda6.dir/src.cxx.o
/usr/bin/x86_64-linux-gnu-g++     -Wextra -std=c++11 -Wall -Werror -Wno-unused-parameter -Wno-unused-local-typedefs -Wno-unknown-pragmas -Wno-missing-field-initializers -Wno-maybe-uninitialized -g -O2 -fstack-protector-strong -Wformat -Werror=format-security  -DCOMPILER_HAS_HIDDEN_VISIBILITY   -fvisibility=hidden -o CMakeFiles/cmTC_3bda6.dir/src.cxx.o -c /home/iamaro/Workspace/facter/ext/CMakeFiles/CMakeTmp/src.cxx
Linking CXX executable cmTC_3bda6
/usr/bin/cmake -E cmake_link_script CMakeFiles/cmTC_3bda6.dir/link.txt --verbose=1
/usr/bin/x86_64-linux-gnu-g++   -Wextra -std=c++11 -Wall -Werror -Wno-unused-parameter -Wno-unused-local-typedefs -Wno-unknown-pragmas -Wno-missing-field-initializers -Wno-maybe-uninitialized -g -O2 -fstack-protector-strong -Wformat -Werror=format-security  -DCOMPILER_HAS_HIDDEN_VISIBILITY   -Wl,-Bsymbolic-functions -Wl,-z,relro  CMakeFiles/cmTC_3bda6.dir/src.cxx.o  -o cmTC_3bda6 -rdynamic 
make[3]: Leaving directory '/home/iamaro/Workspace/facter/ext/CMakeFiles/CMakeTmp'
make[2]: Leaving directory '/home/iamaro/Workspace/facter/ext/CMakeFiles/CMakeTmp'

Source file was:
int main() { return 0; }
Performing C++ SOURCE FILE Test COMPILER_HAS_HIDDEN_INLINE_VISIBILITY succeeded with the following output:
Change Dir: /home/iamaro/Workspace/facter/ext/CMakeFiles/CMakeTmp

Run Build Command:"/usr/bin/make" "cmTC_8f8ee/fast"
make[2]: Entering directory '/home/iamaro/Workspace/facter/ext/CMakeFiles/CMakeTmp'
/usr/bin/make -f CMakeFiles/cmTC_8f8ee.dir/build.make CMakeFiles/cmTC_8f8ee.dir/build
make[3]: Entering directory '/home/iamaro/Workspace/facter/ext/CMakeFiles/CMakeTmp'
Building CXX object CMakeFiles/cmTC_8f8ee.dir/src.cxx.o
/usr/bin/x86_64-linux-gnu-g++     -Wextra -std=c++11 -Wall -Werror -Wno-unused-parameter -Wno-unused-local-typedefs -Wno-unknown-pragmas -Wno-missing-field-initializers -Wno-maybe-uninitialized -g -O2 -fstack-protector-strong -Wformat -Werror=format-security  -DCOMPILER_HAS_HIDDEN_INLINE_VISIBILITY   -fvisibility-inlines-hidden -o CMakeFiles/cmTC_8f8ee.dir/src.cxx.o -c /home/iamaro/Workspace/facter/ext/CMakeFiles/CMakeTmp/src.cxx
Linking CXX executable cmTC_8f8ee
/usr/bin/cmake -E cmake_link_script CMakeFiles/cmTC_8f8ee.dir/link.txt --verbose=1
/usr/bin/x86_64-linux-gnu-g++   -Wextra -std=c++11 -Wall -Werror -Wno-unused-parameter -Wno-unused-local-typedefs -Wno-unknown-pragmas -Wno-missing-field-initializers -Wno-maybe-uninitialized -g -O2 -fstack-protector-strong -Wformat -Werror=format-security  -DCOMPILER_HAS_HIDDEN_INLINE_VISIBILITY   -Wl,-Bsymbolic-functions -Wl,-z,relro  CMakeFiles/cmTC_8f8ee.dir/src.cxx.o  -o cmTC_8f8ee -rdynamic 
make[3]: Leaving directory '/home/iamaro/Workspace/facter/ext/CMakeFiles/CMakeTmp'
make[2]: Leaving directory '/home/iamaro/Workspace/facter/ext/CMakeFiles/CMakeTmp'

Source file was:
int main() { return 0; }
Determining if the include file pthread.h exists passed with the following output:
Change Dir: /home/iamaro/Workspace/facter/ext/CMakeFiles/CMakeTmp

Run Build Command:"/usr/bin/make" "cmTC_0cdd6/fast"
make[2]: Entering directory '/home/iamaro/Workspace/facter/ext/CMakeFiles/CMakeTmp'
/usr/bin/make -f CMakeFiles/cmTC_0cdd6.dir/build.make CMakeFiles/cmTC_0cdd6.dir/build
make[3]: Entering directory '/home/iamaro/Workspace/facter/ext/CMakeFiles/CMakeTmp'
Building C object CMakeFiles/cmTC_0cdd6.dir/CheckIncludeFile.c.o
/usr/bin/x86_64-linux-gnu-gcc    -g -O2 -fstack-protector-strong -Wformat -Werror=format-security     -o CMakeFiles/cmTC_0cdd6.dir/CheckIncludeFile.c.o   -c /home/iamaro/Workspace/facter/ext/CMakeFiles/CMakeTmp/CheckIncludeFile.c
Linking C executable cmTC_0cdd6
/usr/bin/cmake -E cmake_link_script CMakeFiles/cmTC_0cdd6.dir/link.txt --verbose=1
/usr/bin/x86_64-linux-gnu-gcc  -g -O2 -fstack-protector-strong -Wformat -Werror=format-security     -Wl,-Bsymbolic-functions -Wl,-z,relro  CMakeFiles/cmTC_0cdd6.dir/CheckIncludeFile.c.o  -o cmTC_0cdd6 -rdynamic 
make[3]: Leaving directory '/home/iamaro/Workspace/facter/ext/CMakeFiles/CMakeTmp'
make[2]: Leaving directory '/home/iamaro/Workspace/facter/ext/CMakeFiles/CMakeTmp'


Determining if the function pthread_create exists in the pthread passed with the following output:
Change Dir: /home/iamaro/Workspace/facter/ext/CMakeFiles/CMakeTmp

Run Build Command:"/usr/bin/make" "cmTC_90998/fast"
make[2]: Entering directory '/home/iamaro/Workspace/facter/ext/CMakeFiles/CMakeTmp'
/usr/bin/make -f CMakeFiles/cmTC_90998.dir/build.make CMakeFiles/cmTC_90998.dir/build
make[3]: Entering directory '/home/iamaro/Workspace/facter/ext/CMakeFiles/CMakeTmp'
Building C object CMakeFiles/cmTC_90998.dir/CheckFunctionExists.c.o
/usr/bin/x86_64-linux-gnu-gcc    -g -O2 -fstack-protector-strong -Wformat -Werror=format-security  -DCHECK_FUNCTION_EXISTS=pthread_create   -o CMakeFiles/cmTC_90998.dir/CheckFunctionExists.c.o   -c /usr/share/cmake-3.5/Modules/CheckFunctionExists.c
Linking C executable cmTC_90998
/usr/bin/cmake -E cmake_link_script CMakeFiles/cmTC_90998.dir/link.txt --verbose=1
/usr/bin/x86_64-linux-gnu-gcc  -g -O2 -fstack-protector-strong -Wformat -Werror=format-security  -DCHECK_FUNCTION_EXISTS=pthread_create   -Wl,-Bsymbolic-functions -Wl,-z,relro  CMakeFiles/cmTC_90998.dir/CheckFunctionExists.c.o  -o cmTC_90998 -rdynamic -lpthread 
make[3]: Leaving directory '/home/iamaro/Workspace/facter/ext/CMakeFiles/CMakeTmp'
make[2]: Leaving directory '/home/iamaro/Workspace/facter/ext/CMakeFiles/CMakeTmp'


Performing C++ SOURCE FILE Test COMPILER_HAS_HIDDEN_VISIBILITY succeeded with the following output:
Change Dir: /home/iamaro/Workspace/facter/ext/CMakeFiles/CMakeTmp

Run Build Command:"/usr/bin/make" "cmTC_74a5d/fast"
make[2]: Entering directory '/home/iamaro/Workspace/facter/ext/CMakeFiles/CMakeTmp'
/usr/bin/make -f CMakeFiles/cmTC_74a5d.dir/build.make CMakeFiles/cmTC_74a5d.dir/build
make[3]: Entering directory '/home/iamaro/Workspace/facter/ext/CMakeFiles/CMakeTmp'
Building CXX object CMakeFiles/cmTC_74a5d.dir/src.cxx.o
/usr/bin/x86_64-linux-gnu-g++     -Wextra -std=c++11 -Wall -Werror -Wno-unused-parameter -Wno-unused-local-typedefs -Wno-unknown-pragmas -Wno-missing-field-initializers -Wno-maybe-uninitialized -g -O2 -fstack-protector-strong -Wformat -Werror=format-security  -DCOMPILER_HAS_HIDDEN_VISIBILITY   -fvisibility=hidden -o CMakeFiles/cmTC_74a5d.dir/src.cxx.o -c /home/iamaro/Workspace/facter/ext/CMakeFiles/CMakeTmp/src.cxx
Linking CXX executable cmTC_74a5d
/usr/bin/cmake -E cmake_link_script CMakeFiles/cmTC_74a5d.dir/link.txt --verbose=1
/usr/bin/x86_64-linux-gnu-g++   -Wextra -std=c++11 -Wall -Werror -Wno-unused-parameter -Wno-unused-local-typedefs -Wno-unknown-pragmas -Wno-missing-field-initializers -Wno-maybe-uninitialized -g -O2 -fstack-protector-strong -Wformat -Werror=format-security  -DCOMPILER_HAS_HIDDEN_VISIBILITY   -Wl,-Bsymbolic-functions -Wl,-z,relro  CMakeFiles/cmTC_74a5d.dir/src.cxx.o  -o cmTC_74a5d -rdynamic 
make[3]: Leaving directory '/home/iamaro/Workspace/facter/ext/CMakeFiles/CMakeTmp'
make[2]: Leaving directory '/home/iamaro/Workspace/facter/ext/CMakeFiles/CMakeTmp'

Source file was:
int main() { return 0; }
Performing C++ SOURCE FILE Test COMPILER_HAS_HIDDEN_INLINE_VISIBILITY succeeded with the following output:
Change Dir: /home/iamaro/Workspace/facter/ext/CMakeFiles/CMakeTmp

Run Build Command:"/usr/bin/make" "cmTC_35c1e/fast"
make[2]: Entering directory '/home/iamaro/Workspace/facter/ext/CMakeFiles/CMakeTmp'
/usr/bin/make -f CMakeFiles/cmTC_35c1e.dir/build.make CMakeFiles/cmTC_35c1e.dir/build
make[3]: Entering directory '/home/iamaro/Workspace/facter/ext/CMakeFiles/CMakeTmp'
Building CXX object CMakeFiles/cmTC_35c1e.dir/src.cxx.o
/usr/bin/x86_64-linux-gnu-g++     -Wextra -std=c++11 -Wall -Werror -Wno-unused-parameter -Wno-unused-local-typedefs -Wno-unknown-pragmas -Wno-missing-field-initializers -Wno-maybe-uninitialized -g -O2 -fstack-protector-strong -Wformat -Werror=format-security  -DCOMPILER_HAS_HIDDEN_INLINE_VISIBILITY   -fvisibility-inlines-hidden -o CMakeFiles/cmTC_35c1e.dir/src.cxx.o -c /home/iamaro/Workspace/facter/ext/CMakeFiles/CMakeTmp/src.cxx
Linking CXX executable cmTC_35c1e
/usr/bin/cmake -E cmake_link_script CMakeFiles/cmTC_35c1e.dir/link.txt --verbose=1
/usr/bin/x86_64-linux-gnu-g++   -Wextra -std=c++11 -Wall -Werror -Wno-unused-parameter -Wno-unused-local-typedefs -Wno-unknown-pragmas -Wno-missing-field-initializers -Wno-maybe-uninitialized -g -O2 -fstack-protector-strong -Wformat -Werror=format-security  -DCOMPILER_HAS_HIDDEN_INLINE_VISIBILITY   -Wl,-Bsymbolic-functions -Wl,-z,relro  CMakeFiles/cmTC_35c1e.dir/src.cxx.o  -o cmTC_35c1e -rdynamic 
make[3]: Leaving directory '/home/iamaro/Workspace/facter/ext/CMakeFiles/CMakeTmp'
make[2]: Leaving directory '/home/iamaro/Workspace/facter/ext/CMakeFiles/CMakeTmp'

Source file was:
int main() { return 0; }
